{"level":"info","message":{"ip":"::1","method":"GET","path":"/"}}
{"level":"info","message":{"ip":"::1","method":"GET","path":"/"}}
{"level":"info","message":{"ip":"::1","method":"GET","path":"/"}}
{"level":"info","message":{"ip":"::1","method":"GET","path":"/"}}
{"level":"info","message":{"ip":"::1","method":"GET","path":"/"}}
{"level":"info","message":{"ip":"::1","method":"GET","path":"/"}}
{"level":"info","message":{"ip":"::1","method":"GET","path":"/"}}
{"level":"info","message":{"ip":"::1","method":"GET","path":"/"}}
{"level":"info","message":{"ip":"::1","method":"GET","path":"/"}}
{"level":"info","message":{"ip":"::1","method":"GET","path":"/"}}
{"level":"info","message":{"ip":"::1","method":"GET","path":"/"}}
{"level":"info","message":{"ip":"::1","method":"GET","path":"/"}}
{"level":"info","message":{"ip":"::1","method":"GET","path":"/"}}
{"level":"info","message":{"ip":"::1","method":"GET","path":"/"}}
{"level":"info","message":{"ip":"::1","method":"GET","path":"/"}}
{"level":"info","message":{"ip":"::1","method":"POST","path":"/api/check-env"}}
{"level":"info","message":{"ip":"::1","method":"POST","path":"/api/check-env"}}
{"level":"info","message":{"ip":"::1","method":"GET","path":"/undefined"}}
{"level":"info","message":{"ip":"::1","method":"GET","path":"/undefined"}}
{"level":"info","message":{"ip":"::1","method":"GET","path":"/admin"}}
{"level":"info","message":{"ip":"::1","method":"GET","path":"/img/default-avatar.png"}}
{"level":"info","message":{"ip":"::1","method":"GET","path":"/img/default-avatar.png"}}
{"level":"info","message":{"ip":"::1","method":"GET","path":"/img/default-avatar.png"}}
{"level":"info","message":{"ip":"::1","method":"GET","path":"/img/default-avatar.png"}}
{"level":"info","message":{"ip":"::1","method":"GET","path":"/img/default-avatar.png"}}
{"level":"info","message":{"ip":"::1","method":"GET","path":"/img/default-avatar.png"}}
{"level":"info","message":{"ip":"::1","method":"GET","path":"/img/default-avatar.png"}}
{"level":"info","message":{"ip":"::1","method":"GET","path":"/img/default-avatar.png"}}
{"level":"info","message":{"ip":"::1","method":"GET","path":"/img/default-avatar.png"}}
{"level":"info","message":{"ip":"::1","method":"GET","path":"/img/default-avatar.png"}}
{"level":"info","message":{"ip":"::1","method":"GET","path":"/img/default-avatar.png"}}
{"level":"info","message":{"ip":"::1","method":"GET","path":"/api/admin/users/67836da6ce3ab66729d92fa5"}}
{"level":"info","message":{"ip":"::1","method":"GET","path":"/api/admin/users/67836da6ce3ab66729d92fa5"}}
{"level":"info","message":{"ip":"::1","method":"GET","path":"/api/admin/users/67836da6ce3ab66729d92fa5"}}
{"level":"info","message":{"ip":"::1","method":"GET","path":"/api/admin/users/67836da6ce3ab66729d92fa5"}}
{"level":"info","message":{"ip":"::1","method":"GET","path":"/img/default-avatar.png"}}
{"level":"info","message":{"ip":"::1","method":"GET","path":"/img/default-avatar.png"}}
{"level":"info","message":{"ip":"::1","method":"GET","path":"/img/default-avatar.png"}}
{"level":"info","message":{"ip":"::1","method":"GET","path":"/img/default-avatar.png"}}
{"level":"info","message":{"ip":"::1","method":"GET","path":"/undefined"}}
{"level":"info","message":{"ip":"::1","method":"GET","path":"/img/default-avatar.png"}}
{"level":"info","message":{"ip":"::1","method":"GET","path":"/undefined"}}
{"level":"info","message":{"ip":"::1","method":"GET","path":"/img/default-avatar.png"}}
{"level":"info","message":{"ip":"::1","method":"GET","path":"/undefined"}}
{"level":"info","message":{"ip":"::1","method":"GET","path":"/undefined"}}
{"level":"info","message":{"ip":"::1","method":"GET","path":"/undefined"}}
{"level":"info","message":{"ip":"::1","method":"GET","path":"/undefined"}}
{"level":"info","message":{"ip":"::1","method":"GET","path":"/img/default-avatar.png"}}
{"level":"info","message":{"ip":"::1","method":"GET","path":"/img/default-avatar.png"}}
{"level":"info","message":{"ip":"::1","method":"GET","path":"/undefined"}}
{"level":"info","message":{"ip":"::1","method":"GET","path":"/undefined"}}
{"level":"info","message":{"ip":"::1","method":"GET","path":"/img/default-avatar.png"}}
{"level":"info","message":{"ip":"::1","method":"GET","path":"/undefined"}}
{"level":"info","message":{"ip":"::1","method":"GET","path":"/img/default-avatar.png"}}
{"level":"info","message":{"ip":"::1","method":"GET","path":"/img/default-avatar.png"}}
{"level":"info","message":{"ip":"::1","method":"GET","path":"/undefined"}}
{"level":"info","message":{"ip":"::1","method":"GET","path":"/img/default-avatar.png"}}
{"level":"info","message":{"ip":"::1","method":"GET","path":"/img/default-avatar.png"}}
{"level":"info","message":{"ip":"::1","method":"GET","path":"/undefined"}}
{"level":"info","message":{"ip":"::1","method":"GET","path":"/img/default-avatar.png"}}
{"level":"info","message":{"ip":"::1","method":"GET","path":"/img/default-avatar.png"}}
{"level":"info","message":{"ip":"::1","method":"GET","path":"/undefined"}}
{"level":"info","message":{"ip":"::1","method":"GET","path":"/undefined"}}
{"level":"info","message":{"ip":"::1","method":"GET","path":"/undefined"}}
{"level":"info","message":{"ip":"::1","method":"GET","path":"/undefined"}}
{"level":"info","message":{"ip":"::1","method":"GET","path":"/undefined"}}
{"level":"info","message":{"ip":"::1","method":"GET","path":"/undefined"}}
{"level":"info","message":{"ip":"::1","method":"GET","path":"/undefined"}}
{"level":"info","message":{"ip":"::1","method":"GET","path":"/undefined"}}
{"level":"info","message":{"ip":"::1","method":"GET","path":"/undefined"}}
{"level":"info","message":{"ip":"::1","method":"GET","path":"/undefined"}}
{"level":"info","message":{"ip":"::1","method":"GET","path":"/undefined"}}
{"level":"info","message":{"ip":"::1","method":"GET","path":"/undefined"}}
{"level":"info","message":{"ip":"::1","method":"GET","path":"/undefined"}}
{"level":"info","message":{"ip":"::1","method":"GET","path":"/undefined"}}
{"level":"info","message":{"ip":"::1","method":"GET","path":"/undefined"}}
{"level":"info","message":{"ip":"::1","method":"GET","path":"/undefined"}}
{"level":"info","message":{"ip":"::1","method":"GET","path":"/undefined"}}
{"level":"info","message":{"ip":"::1","method":"GET","path":"/undefined"}}
{"level":"info","message":{"ip":"::1","method":"GET","path":"/undefined"}}
{"level":"info","message":{"ip":"::1","method":"GET","path":"/undefined"}}
{"level":"info","message":{"ip":"::1","method":"GET","path":"/img/default-avatar.png"}}
{"level":"info","message":{"ip":"::1","method":"GET","path":"/img/default-avatar.png"}}
{"level":"info","message":{"ip":"::1","method":"GET","path":"/img/default-avatar.png"}}
{"level":"info","message":{"ip":"::1","method":"GET","path":"/undefined"}}
{"level":"info","message":{"ip":"::1","method":"GET","path":"/img/default-avatar.png"}}
{"level":"info","message":{"ip":"::1","method":"GET","path":"/undefined"}}
{"level":"info","message":{"ip":"::1","method":"GET","path":"/undefined"}}
{"level":"info","message":{"ip":"::1","method":"GET","path":"/undefined"}}
{"level":"info","message":{"ip":"::1","method":"GET","path":"/img/default-avatar.png"}}
{"level":"info","message":{"ip":"::1","method":"GET","path":"/img/default-avatar.png"}}
{"level":"info","message":{"method":"GET","path":"/undefined"}}
{"level":"info","message":{"ip":"::1","method":"GET","path":"/undefined"}}
{"level":"info","message":{"ip":"::1","method":"GET","path":"/undefined"}}
{"level":"info","message":{"ip":"::1","method":"GET","path":"/undefined"}}
{"level":"info","message":{"ip":"::1","method":"GET","path":"/undefined"}}
{"level":"info","message":{"ip":"::1","method":"GET","path":"/undefined"}}
{"level":"info","message":{"ip":"::1","method":"GET","path":"/undefined"}}
{"level":"info","message":{"ip":"::1","method":"GET","path":"/undefined"}}
{"level":"info","message":{"ip":"::1","method":"GET","path":"/undefined"}}
{"level":"info","message":{"ip":"::1","method":"GET","path":"/img/default-avatar.png"}}
{"level":"info","message":{"ip":"::1","method":"GET","path":"/api/user/purchases"}}
{"level":"info","message":{"ip":"::1","method":"GET","path":"/api/user/purchases"}}
{"level":"info","message":{"ip":"::1","method":"GET","path":"/api/user/purchases"}}
{"level":"info","message":{"ip":"::1","method":"GET","path":"/api/user/purchases"}}
{"level":"info","message":{"ip":"::ffff:127.0.0.1","method":"GET","path":"/undefined"}}
{"level":"info","message":{"ip":"::1","method":"GET","path":"/undefined"}}
{"level":"info","message":{"ip":"::1","method":"GET","path":"/api/user/purchases"}}
{"level":"info","message":{"ip":"::1","method":"GET","path":"/api/user/purchases"}}
{"level":"info","message":{"ip":"::ffff:127.0.0.1","method":"GET","path":"/api/user/purchases"}}
{"level":"info","message":{"ip":"::1","method":"GET","path":"/undefined"}}
{"level":"info","message":{"ip":"::1","method":"GET","path":"/undefined"}}
{"level":"info","message":{"ip":"::1","method":"GET","path":"/undefined"}}
{"level":"info","message":{"ip":"::1","method":"GET","path":"/api/scripts/67837723eddd84ed6d1e3e95/versions"}}
{"level":"info","message":{"ip":"::1","method":"GET","path":"/api/scripts/67837723eddd84ed6d1e3e95/versions"}}
{"level":"info","message":{"ip":"::1","method":"GET","path":"/api/scripts/67837723eddd84ed6d1e3e95/versions"}}
{"level":"info","message":{"ip":"::1","method":"GET","path":"/api/scripts/67837723eddd84ed6d1e3e95/versions"}}
{"level":"info","message":{"ip":"::1","method":"GET","path":"/api/scripts/67837723eddd84ed6d1e3e95/versions"}}
{"level":"info","message":{"ip":"::1","method":"GET","path":"/api/scripts/67837723eddd84ed6d1e3e95/versions"}}
{"level":"info","message":{"ip":"::1","method":"GET","path":"/api/scripts/67837723eddd84ed6d1e3e95/versions"}}
{"level":"info","message":{"ip":"::1","method":"GET","path":"/api/scripts/67837723eddd84ed6d1e3e95/versions"}}
{"level":"info","message":{"ip":"::1","method":"GET","path":"/api/scripts/67837723eddd84ed6d1e3e95/versions"}}
{"level":"info","message":{"ip":"::1","method":"GET","path":"/api/scripts/67837723eddd84ed6d1e3e95/versions"}}
{"level":"info","message":{"ip":"::1","method":"GET","path":"/api/scripts/67837723eddd84ed6d1e3e95/versions"}}
{"level":"info","message":{"ip":"::1","method":"GET","path":"/img/default-avatar.png"}}
{"level":"info","message":{"ip":"::1","method":"GET","path":"/img/default-avatar.png"}}
{"level":"info","message":{"ip":"::1","method":"GET","path":"/img/default-avatar.png"}}
{"level":"info","message":{"ip":"::1","method":"GET","path":"/img/default-avatar.png"}}
{"level":"info","message":{"ip":"::1","method":"GET","path":"/img/default-avatar.png"}}
{"level":"info","message":{"ip":"::1","method":"GET","path":"/img/default-avatar.png"}}
{"level":"info","message":{"ip":"::1","method":"GET","path":"/img/default-avatar.png"}}
{"level":"info","message":{"ip":"::1","method":"GET","path":"/img/default-avatar.png"}}
{"level":"info","message":{"ip":"::1","method":"GET","path":"/img/default-avatar.png"}}
{"level":"info","message":{"ip":"::1","method":"GET","path":"/img/default-avatar.png"}}
{"level":"info","message":{"ip":"::1","method":"GET","path":"/img/default-avatar.png"}}
{"level":"info","message":{"ip":"::1","method":"GET","path":"/undefined"}}
{"level":"info","message":{"ip":"::1","method":"GET","path":"/undefined"}}
{"level":"info","message":{"ip":"::1","method":"GET","path":"/favicon.ico"}}
{"level":"info","message":{"ip":"::1","method":"GET","path":"/undefined"}}
{"level":"info","message":{"ip":"::1","method":"GET","path":"/undefined"}}
{"level":"info","message":{"ip":"::1","method":"GET","path":"/undefined"}}
{"level":"info","message":{"ip":"::1","method":"GET","path":"/undefined"}}
{"level":"info","message":{"ip":"::1","method":"GET","path":"/img/default-avatar.png"}}
{"level":"info","message":{"ip":"::1","method":"GET","path":"/undefined"}}
{"level":"info","message":{"ip":"::1","method":"GET","path":"/undefined"}}
{"level":"info","message":{"ip":"::1","method":"GET","path":"/undefined"}}
{"level":"info","message":{"ip":"::1","method":"GET","path":"/undefined"}}
{"level":"info","message":{"ip":"::1","method":"GET","path":"/undefined"}}
{"level":"info","message":{"ip":"::1","method":"GET","path":"/img/default-avatar.png"}}
{"level":"info","message":{"ip":"::ffff:127.0.0.1","method":"GET","path":"/img/default-avatar.png"}}
{"level":"info","message":{"ip":"::ffff:127.0.0.1","method":"GET","path":"/img/default-avatar.png"}}
{"level":"info","message":{"ip":"::1","method":"GET","path":"/img/default-avatar.png"}}
{"level":"info","message":{"ip":"::1","method":"GET","path":"/img/default-avatar.png"}}
{"level":"info","message":{"ip":"::1","method":"GET","path":"/img/default-avatar.png"}}
{"level":"info","message":{"ip":"::1","method":"GET","path":"/img/default-avatar.png"}}
{"level":"info","message":{"ip":"::1","method":"GET","path":"/img/default-avatar.png"}}
{"level":"info","message":{"ip":"::1","method":"GET","path":"/img/default-avatar.png"}}
{"level":"info","message":{"ip":"::1","method":"GET","path":"/img/default-avatar.png"}}
{"level":"info","message":{"ip":"::1","method":"GET","path":"/img/default-avatar.png"}}
{"level":"info","message":{"ip":"::1","method":"GET","path":"/img/default-avatar.png"}}
{"level":"info","message":{"ip":"::1","method":"GET","path":"/img/default-avatar.png"}}
{"level":"info","message":{"ip":"::1","method":"GET","path":"/img/default-avatar.png"}}
{"level":"info","message":{"ip":"::1","method":"GET","path":"/img/default-avatar.png"}}
{"level":"info","message":{"ip":"::1","method":"GET","path":"/img/default-avatar.png"}}
{"level":"info","message":{"ip":"::1","method":"GET","path":"/img/default-avatar.png"}}
{"level":"info","message":{"ip":"::1","method":"GET","path":"/img/default-avatar.png"}}
{"level":"info","message":{"ip":"::1","method":"GET","path":"/img/default-avatar.png"}}
{"level":"info","message":{"ip":"::1","method":"GET","path":"/img/default-avatar.png"}}
{"level":"info","message":{"ip":"::1","method":"GET","path":"/img/default-avatar.png"}}
{"level":"info","message":{"ip":"::1","method":"GET","path":"/img/default-avatar.png"}}
{"level":"info","message":{"ip":"::1","method":"GET","path":"/img/default-avatar.png"}}
{"level":"info","message":{"ip":"::1","method":"GET","path":"/img/default-avatar.png"}}
{"level":"info","message":{"ip":"::1","method":"GET","path":"/img/default-avatar.png"}}
{"level":"info","message":{"ip":"::1","method":"GET","path":"/img/default-avatar.png"}}
{"level":"info","message":{"ip":"::1","method":"GET","path":"/img/default-avatar.png"}}
{"level":"info","message":{"ip":"::1","method":"GET","path":"/img/default-avatar.png"}}
{"level":"info","message":{"ip":"::1","method":"GET","path":"/img/default-avatar.png"}}
{"level":"info","message":{"ip":"::1","method":"GET","path":"/img/default-avatar.png"}}
{"level":"info","message":{"ip":"::1","method":"GET","path":"/img/default-avatar.png"}}
{"level":"info","message":{"ip":"::1","method":"GET","path":"/img/default-avatar.png"}}
{"level":"info","message":{"ip":"::1","method":"GET","path":"/img/default-avatar.png"}}
{"level":"info","message":{"ip":"::1","method":"GET","path":"/img/default-avatar.png"}}
{"level":"info","message":{"ip":"::1","method":"GET","path":"/img/default-avatar.png"}}
{"level":"info","message":{"ip":"::1","method":"GET","path":"/img/default-avatar.png"}}
{"level":"info","message":{"ip":"::1","method":"GET","path":"/img/default-avatar.png"}}
{"level":"info","message":{"ip":"::1","method":"GET","path":"/img/default-avatar.png"}}
{"level":"info","message":{"ip":"::1","method":"GET","path":"/undefined"}}
{"level":"info","message":{"ip":"::1","method":"GET","path":"/undefined"}}
{"level":"info","message":{"ip":"::1","method":"GET","path":"/undefined"}}
{"level":"info","message":{"ip":"::1","method":"GET","path":"/undefined"}}
{"level":"info","message":{"ip":"::1","method":"GET","path":"/undefined"}}
{"level":"info","message":{"ip":"::ffff:127.0.0.1","method":"GET","path":"/undefined"}}
